<?xml version="1.0" encoding="UTF-8"?>
<!-- Generated by org.testng.reporters.JUnitReportReporter -->
<testsuite hostname="LAPTOP-BCG5B6MM" failures="0" tests="2" name="maven.TestingNg" time="0.312" errors="0" timestamp="15 Sep 2021 10:04:52 GMT" skipped="0">
  <testcase classname="maven.TestingNg" name="test1" time="0.227"/>
  <testcase classname="maven.TestingNg" name="tset2" time="0.085"/>
</testsuite> <!-- maven.TestingNg -->
